Determining if the pthread_create exist failed with the following output:
Change Dir: /home/johan/Git/Github/goblet_2_reawakening/src/glfw-3.2.1/CMakeFiles/CMakeTmp

Run Build Command:"/usr/bin/make" "cmTryCompileExec150330629/fast"
/usr/bin/make -f CMakeFiles/cmTryCompileExec150330629.dir/build.make CMakeFiles/cmTryCompileExec150330629.dir/build
make[1]: Entering directory `/home/johan/Git/Github/goblet_2_reawakening/src/glfw-3.2.1/CMakeFiles/CMakeTmp'
/usr/bin/cmake -E cmake_progress_report /home/johan/Git/Github/goblet_2_reawakening/src/glfw-3.2.1/CMakeFiles/CMakeTmp/CMakeFiles 1
Building C object CMakeFiles/cmTryCompileExec150330629.dir/CheckSymbolExists.c.o
/usr/bin/cc    -o CMakeFiles/cmTryCompileExec150330629.dir/CheckSymbolExists.c.o   -c /home/johan/Git/Github/goblet_2_reawakening/src/glfw-3.2.1/CMakeFiles/CMakeTmp/CheckSymbolExists.c
Linking C executable cmTryCompileExec150330629
/usr/bin/cmake -E cmake_link_script CMakeFiles/cmTryCompileExec150330629.dir/link.txt --verbose=1
/usr/bin/cc       CMakeFiles/cmTryCompileExec150330629.dir/CheckSymbolExists.c.o  -o cmTryCompileExec150330629 -rdynamic 
CMakeFiles/cmTryCompileExec150330629.dir/CheckSymbolExists.c.o: In function `main':
CheckSymbolExists.c:(.text+0x16): undefined reference to `pthread_create'
collect2: error: ld returned 1 exit status
make[1]: *** [cmTryCompileExec150330629] Error 1
make[1]: Leaving directory `/home/johan/Git/Github/goblet_2_reawakening/src/glfw-3.2.1/CMakeFiles/CMakeTmp'
make: *** [cmTryCompileExec150330629/fast] Error 2

File /home/johan/Git/Github/goblet_2_reawakening/src/glfw-3.2.1/CMakeFiles/CMakeTmp/CheckSymbolExists.c:
/* */
#include <pthread.h>

int main(int argc, char** argv)
{
  (void)argv;
#ifndef pthread_create
  return ((int*)(&pthread_create))[argc];
#else
  (void)argc;
  return 0;
#endif
}

Determining if the function pthread_create exists in the pthreads failed with the following output:
Change Dir: /home/johan/Git/Github/goblet_2_reawakening/src/glfw-3.2.1/CMakeFiles/CMakeTmp

Run Build Command:"/usr/bin/make" "cmTryCompileExec410546329/fast"
/usr/bin/make -f CMakeFiles/cmTryCompileExec410546329.dir/build.make CMakeFiles/cmTryCompileExec410546329.dir/build
make[1]: Entering directory `/home/johan/Git/Github/goblet_2_reawakening/src/glfw-3.2.1/CMakeFiles/CMakeTmp'
/usr/bin/cmake -E cmake_progress_report /home/johan/Git/Github/goblet_2_reawakening/src/glfw-3.2.1/CMakeFiles/CMakeTmp/CMakeFiles 1
Building C object CMakeFiles/cmTryCompileExec410546329.dir/CheckFunctionExists.c.o
/usr/bin/cc   -DCHECK_FUNCTION_EXISTS=pthread_create   -o CMakeFiles/cmTryCompileExec410546329.dir/CheckFunctionExists.c.o   -c /usr/share/cmake-3.2/Modules/CheckFunctionExists.c
Linking C executable cmTryCompileExec410546329
/usr/bin/cmake -E cmake_link_script CMakeFiles/cmTryCompileExec410546329.dir/link.txt --verbose=1
/usr/bin/cc   -DCHECK_FUNCTION_EXISTS=pthread_create    CMakeFiles/cmTryCompileExec410546329.dir/CheckFunctionExists.c.o  -o cmTryCompileExec410546329 -rdynamic -lpthreads 
/usr/bin/ld: cannot find -lpthreads
collect2: error: ld returned 1 exit status
make[1]: *** [cmTryCompileExec410546329] Error 1
make[1]: Leaving directory `/home/johan/Git/Github/goblet_2_reawakening/src/glfw-3.2.1/CMakeFiles/CMakeTmp'
make: *** [cmTryCompileExec410546329/fast] Error 2


