Determining if the pthread_create exist failed with the following output:
Change Dir: /home/johan/Git/Github/goblet_2_reawakening/src/CMakeFiles/CMakeTmp

Run Build Command:"/usr/bin/make" "cmTryCompileExec3429709684/fast"
/usr/bin/make -f CMakeFiles/cmTryCompileExec3429709684.dir/build.make CMakeFiles/cmTryCompileExec3429709684.dir/build
make[1]: Entering directory `/home/johan/Git/Github/goblet_2_reawakening/src/CMakeFiles/CMakeTmp'
/usr/bin/cmake -E cmake_progress_report /home/johan/Git/Github/goblet_2_reawakening/src/CMakeFiles/CMakeTmp/CMakeFiles 1
Building C object CMakeFiles/cmTryCompileExec3429709684.dir/CheckSymbolExists.c.o
/usr/bin/cc    -o CMakeFiles/cmTryCompileExec3429709684.dir/CheckSymbolExists.c.o   -c /home/johan/Git/Github/goblet_2_reawakening/src/CMakeFiles/CMakeTmp/CheckSymbolExists.c
Linking C executable cmTryCompileExec3429709684
/usr/bin/cmake -E cmake_link_script CMakeFiles/cmTryCompileExec3429709684.dir/link.txt --verbose=1
/usr/bin/cc       CMakeFiles/cmTryCompileExec3429709684.dir/CheckSymbolExists.c.o  -o cmTryCompileExec3429709684 -rdynamic 
CMakeFiles/cmTryCompileExec3429709684.dir/CheckSymbolExists.c.o: In function `main':
CheckSymbolExists.c:(.text+0x16): undefined reference to `pthread_create'
collect2: error: ld returned 1 exit status
make[1]: *** [cmTryCompileExec3429709684] Error 1
make[1]: Leaving directory `/home/johan/Git/Github/goblet_2_reawakening/src/CMakeFiles/CMakeTmp'
make: *** [cmTryCompileExec3429709684/fast] Error 2

File /home/johan/Git/Github/goblet_2_reawakening/src/CMakeFiles/CMakeTmp/CheckSymbolExists.c:
/* */
#include <pthread.h>

int main(int argc, char** argv)
{
  (void)argv;
#ifndef pthread_create
  return ((int*)(&pthread_create))[argc];
#else
  (void)argc;
  return 0;
#endif
}

Determining if the function pthread_create exists in the pthreads failed with the following output:
Change Dir: /home/johan/Git/Github/goblet_2_reawakening/src/CMakeFiles/CMakeTmp

Run Build Command:"/usr/bin/make" "cmTryCompileExec3771086492/fast"
/usr/bin/make -f CMakeFiles/cmTryCompileExec3771086492.dir/build.make CMakeFiles/cmTryCompileExec3771086492.dir/build
make[1]: Entering directory `/home/johan/Git/Github/goblet_2_reawakening/src/CMakeFiles/CMakeTmp'
/usr/bin/cmake -E cmake_progress_report /home/johan/Git/Github/goblet_2_reawakening/src/CMakeFiles/CMakeTmp/CMakeFiles 1
Building C object CMakeFiles/cmTryCompileExec3771086492.dir/CheckFunctionExists.c.o
/usr/bin/cc   -DCHECK_FUNCTION_EXISTS=pthread_create   -o CMakeFiles/cmTryCompileExec3771086492.dir/CheckFunctionExists.c.o   -c /usr/share/cmake-3.2/Modules/CheckFunctionExists.c
Linking C executable cmTryCompileExec3771086492
/usr/bin/cmake -E cmake_link_script CMakeFiles/cmTryCompileExec3771086492.dir/link.txt --verbose=1
/usr/bin/cc   -DCHECK_FUNCTION_EXISTS=pthread_create    CMakeFiles/cmTryCompileExec3771086492.dir/CheckFunctionExists.c.o  -o cmTryCompileExec3771086492 -rdynamic -lpthreads 
/usr/bin/ld: cannot find -lpthreads
collect2: error: ld returned 1 exit status
make[1]: *** [cmTryCompileExec3771086492] Error 1
make[1]: Leaving directory `/home/johan/Git/Github/goblet_2_reawakening/src/CMakeFiles/CMakeTmp'
make: *** [cmTryCompileExec3771086492/fast] Error 2


